2024-06-16T17:09:39  refactor: tidy internals
2024-07-05T12:26:46  fix: handle empty input gracefully
2024-07-31T19:43:53  perf: micro-optimization
2024-08-27T14:00:00  style: formatting
2024-09-22T09:17:07  chore: bump dev tooling
2024-10-19T16:34:14  docs: expand examples
2024-11-07T11:51:21  test: strengthen coverage
2024-12-04T18:08:28  chore: tune defaults
2024-12-30T13:25:35  refactor: simplify helper
2025-01-26T08:42:42  chore: routine maintenance
2025-02-21T15:59:49  docs: clarify usage notes
2025-03-20T10:16:56  test: add edge case
2025-04-08T17:33:03  refactor: tidy internals
2025-05-05T12:50:10  fix: handle empty input gracefully
2025-05-31T19:07:17  perf: micro-optimization
2025-06-03T14:24:24  style: formatting
2025-06-29T09:41:31  chore: bump dev tooling
2025-07-25T16:58:38  docs: expand examples
2025-09-07T11:15:45  test: strengthen coverage
2025-09-09T18:32:52  chore: tune defaults
2025-10-06T13:49:59  refactor: simplify helper
2025-11-01T08:06:06  chore: routine maintenance
2025-11-28T15:23:13  docs: clarify usage notes
2025-12-17T10:40:20  test: add edge case
2026-01-13T17:57:27  refactor: tidy internals
2026-02-08T12:14:34  fix: handle empty input gracefully
2026-03-07T19:31:41  perf: micro-optimization
2026-04-02T14:48:48  style: formatting
2026-04-29T09:05:55  chore: bump dev tooling
2026-05-18T16:22:02  docs: expand examples
2024-09-08T17:09:39  docs: ELI5 pass
2024-10-21T12:26:46  refactor: future me will understand this
2025-02-12T19:43:53  test: it's not flaky, you're flaky
2025-06-06T14:00:00  chore: routine maintenance
2025-07-03T09:17:07  docs: clarify usage notes
2025-10-25T16:34:14  test: add edge case
2026-03-05T11:51:21  refactor: tidy internals
2026-04-01T18:08:28  fix: handle empty input gracefully
